# JRE version: Java(TM) SE Runtime Environment (8.0_152-b16) (build 1.8.0_152-b16)
# Java VM: Java HotSpot(TM) 64-Bit Server VM (25.152-b16 mixed mode windows-amd64 compressed oops)
Heap:
 PSYoungGen      total 289280K, used 36949K [0x00000000d5d00000, 0x00000000ead00000, 0x0000000100000000)
  eden space 257024K, 1% used [0x00000000d5d00000,0x00000000d6196858,0x00000000e5800000)
  from space 32256K, 99% used [0x00000000e7f00000,0x00000000e9e7ed30,0x00000000e9e80000)
  to   space 39936K, 0% used [0x00000000e5800000,0x00000000e5800000,0x00000000e7f00000)
 ParOldGen       total 76800K, used 55083K [0x0000000081600000, 0x0000000086100000, 0x00000000d5d00000)
  object space 76800K, 71% used [0x0000000081600000,0x0000000084bcafd0,0x0000000086100000)
 Metaspace       used 23936K, capacity 24580K, committed 24704K, reserved 1071104K
  class space    used 2770K, capacity 2932K, committed 2944K, reserved 1048576K
GC Heap History (10 events):
Event: 5.548 GC heap before
{Heap before GC invocations=7 (full 1):
 PSYoungGen      total 145920K, used 9651K [0x00000000d5d00000, 0x00000000df800000, 0x0000000100000000)
  eden space 133120K, 0% used [0x00000000d5d00000,0x00000000d5d00000,0x00000000ddf00000)
  from space 12800K, 75% used [0x00000000deb80000,0x00000000df4ecc38,0x00000000df800000)
  to   space 12800K, 0% used [0x00000000ddf00000,0x00000000ddf00000,0x00000000deb80000)
 ParOldGen       total 87552K, used 18955K [0x0000000081600000, 0x0000000086b80000, 0x00000000d5d00000)
  object space 87552K, 21% used [0x0000000081600000,0x0000000082882d40,0x0000000086b80000)
 Metaspace       used 20685K, capacity 21138K, committed 21248K, reserved 1069056K
  class space    used 2414K, capacity 2555K, committed 2560K, reserved 1048576K
Event: 5.648 GC heap after
Heap after GC invocations=7 (full 1):
 PSYoungGen      total 145920K, used 0K [0x00000000d5d00000, 0x00000000df800000, 0x0000000100000000)
  eden space 133120K, 0% used [0x00000000d5d00000,0x00000000d5d00000,0x00000000ddf00000)
  from space 12800K, 0% used [0x00000000deb80000,0x00000000deb80000,0x00000000df800000)
  to   space 12800K, 0% used [0x00000000ddf00000,0x00000000ddf00000,0x00000000deb80000)
 ParOldGen       total 76800K, used 18460K [0x0000000081600000, 0x0000000086100000, 0x00000000d5d00000)
  object space 76800K, 24% used [0x0000000081600000,0x00000000828073e0,0x0000000086100000)
 Metaspace       used 20685K, capacity 21138K, committed 21248K, reserved 1069056K
  class space    used 2414K, capacity 2555K, committed 2560K, reserved 1048576K
}
Event: 7.417 GC heap before
{Heap before GC invocations=8 (full 1):
 PSYoungGen      total 145920K, used 133120K [0x00000000d5d00000, 0x00000000df800000, 0x0000000100000000)
  eden space 133120K, 100% used [0x00000000d5d00000,0x00000000ddf00000,0x00000000ddf00000)
  from space 12800K, 0% used [0x00000000deb80000,0x00000000deb80000,0x00000000df800000)
  to   space 12800K, 0% used [0x00000000ddf00000,0x00000000ddf00000,0x00000000deb80000)
 ParOldGen       total 76800K, used 18460K [0x0000000081600000, 0x0000000086100000, 0x00000000d5d00000)
  object space 76800K, 24% used [0x0000000081600000,0x00000000828073e0,0x0000000086100000)
 Metaspace       used 23906K, capacity 24452K, committed 24704K, reserved 1071104K
  class space    used 2767K, capacity 2932K, committed 2944K, reserved 1048576K
Event: 7.447 GC heap after
Heap after GC invocations=8 (full 1):
 PSYoungGen      total 145920K, used 12783K [0x00000000d5d00000, 0x00000000e4000000, 0x0000000100000000)
  eden space 133120K, 0% used [0x00000000d5d00000,0x00000000d5d00000,0x00000000ddf00000)
  from space 12800K, 99% used [0x00000000ddf00000,0x00000000deb7bd40,0x00000000deb80000)
  to   space 17920K, 0% used [0x00000000e2e80000,0x00000000e2e80000,0x00000000e4000000)
 ParOldGen       total 76800K, used 26504K [0x0000000081600000, 0x0000000086100000, 0x00000000d5d00000)
  object space 76800K, 34% used [0x0000000081600000,0x0000000082fe2180,0x0000000086100000)
 Metaspace       used 23906K, capacity 24452K, committed 24704K, reserved 1071104K
  class space    used 2767K, capacity 2932K, committed 2944K, reserved 1048576K
}
Event: 8.461 GC heap before
{Heap before GC invocations=9 (full 1):
 PSYoungGen      total 145920K, used 145903K [0x00000000d5d00000, 0x00000000e4000000, 0x0000000100000000)
  eden space 133120K, 100% used [0x00000000d5d00000,0x00000000ddf00000,0x00000000ddf00000)
  from space 12800K, 99% used [0x00000000ddf00000,0x00000000deb7bd40,0x00000000deb80000)
  to   space 17920K, 0% used [0x00000000e2e80000,0x00000000e2e80000,0x00000000e4000000)
 ParOldGen       total 76800K, used 26504K [0x0000000081600000, 0x0000000086100000, 0x00000000d5d00000)
  object space 76800K, 34% used [0x0000000081600000,0x0000000082fe2180,0x0000000086100000)
 Metaspace       used 23922K, capacity 24452K, committed 24704K, reserved 1071104K
  class space    used 2769K, capacity 2932K, committed 2944K, reserved 1048576K
Event: 8.494 GC heap after
Heap after GC invocations=9 (full 1):
 PSYoungGen      total 208384K, used 17899K [0x00000000d5d00000, 0x00000000e5280000, 0x0000000100000000)
  eden space 190464K, 0% used [0x00000000d5d00000,0x00000000d5d00000,0x00000000e1700000)
  from space 17920K, 99% used [0x00000000e2e80000,0x00000000e3ffaff0,0x00000000e4000000)
  to   space 24064K, 0% used [0x00000000e1700000,0x00000000e1700000,0x00000000e2e80000)
 ParOldGen       total 76800K, used 34394K [0x0000000081600000, 0x0000000086100000, 0x00000000d5d00000)
  object space 76800K, 44% used [0x0000000081600000,0x00000000837968b8,0x0000000086100000)
 Metaspace       used 23922K, capacity 24452K, committed 24704K, reserved 1071104K
  class space    used 2769K, capacity 2932K, committed 2944K, reserved 1048576K
}
Event: 9.700 GC heap before
{Heap before GC invocations=10 (full 1):
 PSYoungGen      total 208384K, used 208363K [0x00000000d5d00000, 0x00000000e5280000, 0x0000000100000000)
  eden space 190464K, 100% used [0x00000000d5d00000,0x00000000e1700000,0x00000000e1700000)
  from space 17920K, 99% used [0x00000000e2e80000,0x00000000e3ffaff0,0x00000000e4000000)
  to   space 24064K, 0% used [0x00000000e1700000,0x00000000e1700000,0x00000000e2e80000)
 ParOldGen       total 76800K, used 34394K [0x0000000081600000, 0x0000000086100000, 0x00000000d5d00000)
  object space 76800K, 44% used [0x0000000081600000,0x00000000837968b8,0x0000000086100000)
 Metaspace       used 23925K, capacity 24452K, committed 24704K, reserved 1071104K
  class space    used 2769K, capacity 2932K, committed 2944K, reserved 1048576K
Event: 9.792 GC heap after
Heap after GC invocations=10 (full 1):
 PSYoungGen      total 214528K, used 24052K [0x00000000d5d00000, 0x00000000e9e80000, 0x0000000100000000)
  eden space 190464K, 0% used [0x00000000d5d00000,0x00000000d5d00000,0x00000000e1700000)
  from space 24064K, 99% used [0x00000000e1700000,0x00000000e2e7d248,0x00000000e2e80000)
  to   space 32256K, 0% used [0x00000000e7f00000,0x00000000e7f00000,0x00000000e9e80000)
 ParOldGen       total 76800K, used 47167K [0x0000000081600000, 0x0000000086100000, 0x00000000d5d00000)
  object space 76800K, 61% used [0x0000000081600000,0x000000008440fd98,0x0000000086100000)
 Metaspace       used 23925K, capacity 24452K, committed 24704K, reserved 1071104K
  class space    used 2769K, capacity 2932K, committed 2944K, reserved 1048576K
}
Event: 10.856 GC heap before
{Heap before GC invocations=11 (full 1):
 PSYoungGen      total 214528K, used 214516K [0x00000000d5d00000, 0x00000000e9e80000, 0x0000000100000000)
  eden space 190464K, 100% used [0x00000000d5d00000,0x00000000e1700000,0x00000000e1700000)
  from space 24064K, 99% used [0x00000000e1700000,0x00000000e2e7d248,0x00000000e2e80000)
  to   space 32256K, 0% used [0x00000000e7f00000,0x00000000e7f00000,0x00000000e9e80000)
 ParOldGen       total 76800K, used 47167K [0x0000000081600000, 0x0000000086100000, 0x00000000d5d00000)
  object space 76800K, 61% used [0x0000000081600000,0x000000008440fd98,0x0000000086100000)
 Metaspace       used 23936K, capacity 24580K, committed 24704K, reserved 1071104K
  class space    used 2770K, capacity 2932K, committed 2944K, reserved 1048576K
Event: 10.888 GC heap after
Heap after GC invocations=11 (full 1):
 PSYoungGen      total 289280K, used 32251K [0x00000000d5d00000, 0x00000000ead00000, 0x0000000100000000)
  eden space 257024K, 0% used [0x00000000d5d00000,0x00000000d5d00000,0x00000000e5800000)
  from space 32256K, 99% used [0x00000000e7f00000,0x00000000e9e7ed30,0x00000000e9e80000)
  to   space 39936K, 0% used [0x00000000e5800000,0x00000000e5800000,0x00000000e7f00000)
 ParOldGen       total 76800K, used 55083K [0x0000000081600000, 0x0000000086100000, 0x00000000d5d00000)
  object space 76800K, 71% used [0x0000000081600000,0x0000000084bcafd0,0x0000000086100000)
 Metaspace       used 23936K, capacity 24580K, committed 24704K, reserved 1071104K
  class space    used 2770K, capacity 2932K, committed 2944K, reserved 1048576K
}

