# JRE version: Java(TM) SE Runtime Environment (8.0_152-b16) (build 1.8.0_152-b16)
# Java VM: Java HotSpot(TM) 64-Bit Server VM (25.152-b16 mixed mode windows-amd64 compressed oops)
Heap:
 PSYoungGen      total 146432K, used 88462K [0x00000000d5d00000, 0x00000000e0600000, 0x0000000100000000)
  eden space 124416K, 54% used [0x00000000d5d00000,0x00000000d9f3f050,0x00000000dd680000)
  from space 22016K, 93% used [0x00000000dd680000,0x00000000deaa4980,0x00000000dec00000)
  to   space 20480K, 0% used [0x00000000dec00000,0x00000000dec00000,0x00000000e0000000)
 ParOldGen       total 76288K, used 42840K [0x0000000081600000, 0x0000000086080000, 0x00000000d5d00000)
  object space 76288K, 56% used [0x0000000081600000,0x0000000083fd6288,0x0000000086080000)
 Metaspace       used 23915K, capacity 24434K, committed 24704K, reserved 1071104K
  class space    used 2767K, capacity 2930K, committed 2944K, reserved 1048576K
GC Heap History (10 events):
Event: 5.484 GC heap before
{Heap before GC invocations=8 (full 1):
 PSYoungGen      total 71680K, used 66560K [0x00000000d5d00000, 0x00000000da800000, 0x0000000100000000)
  eden space 66560K, 100% used [0x00000000d5d00000,0x00000000d9e00000,0x00000000d9e00000)
  from space 5120K, 0% used [0x00000000da300000,0x00000000da300000,0x00000000da800000)
  to   space 5120K, 0% used [0x00000000d9e00000,0x00000000d9e00000,0x00000000da300000)
 ParOldGen       total 76288K, used 17026K [0x0000000081600000, 0x0000000086080000, 0x00000000d5d00000)
  object space 76288K, 22% used [0x0000000081600000,0x00000000826a0800,0x0000000086080000)
 Metaspace       used 23855K, capacity 24370K, committed 24448K, reserved 1071104K
  class space    used 2765K, capacity 2930K, committed 2944K, reserved 1048576K
Event: 5.494 GC heap after
Heap after GC invocations=8 (full 1):
 PSYoungGen      total 71680K, used 5108K [0x00000000d5d00000, 0x00000000dd500000, 0x0000000100000000)
  eden space 66560K, 0% used [0x00000000d5d00000,0x00000000d5d00000,0x00000000d9e00000)
  from space 5120K, 99% used [0x00000000d9e00000,0x00000000da2fd3c8,0x00000000da300000)
  to   space 13824K, 0% used [0x00000000dc780000,0x00000000dc780000,0x00000000dd500000)
 ParOldGen       total 76288K, used 24410K [0x0000000081600000, 0x0000000086080000, 0x00000000d5d00000)
  object space 76288K, 31% used [0x0000000081600000,0x0000000082dd6860,0x0000000086080000)
 Metaspace       used 23855K, capacity 24370K, committed 24448K, reserved 1071104K
  class space    used 2765K, capacity 2930K, committed 2944K, reserved 1048576K
}
Event: 5.806 GC heap before
{Heap before GC invocations=9 (full 1):
 PSYoungGen      total 71680K, used 71668K [0x00000000d5d00000, 0x00000000dd500000, 0x0000000100000000)
  eden space 66560K, 100% used [0x00000000d5d00000,0x00000000d9e00000,0x00000000d9e00000)
  from space 5120K, 99% used [0x00000000d9e00000,0x00000000da2fd3c8,0x00000000da300000)
  to   space 13824K, 0% used [0x00000000dc780000,0x00000000dc780000,0x00000000dd500000)
 ParOldGen       total 76288K, used 24410K [0x0000000081600000, 0x0000000086080000, 0x00000000d5d00000)
  object space 76288K, 31% used [0x0000000081600000,0x0000000082dd6860,0x0000000086080000)
 Metaspace       used 23891K, capacity 24370K, committed 24448K, reserved 1071104K
  class space    used 2765K, capacity 2930K, committed 2944K, reserved 1048576K
Event: 5.820 GC heap after
Heap after GC invocations=9 (full 1):
 PSYoungGen      total 107008K, used 13820K [0x00000000d5d00000, 0x00000000ddf00000, 0x0000000100000000)
  eden space 93184K, 0% used [0x00000000d5d00000,0x00000000d5d00000,0x00000000db800000)
  from space 13824K, 99% used [0x00000000dc780000,0x00000000dd4ff088,0x00000000dd500000)
  to   space 15872K, 0% used [0x00000000db800000,0x00000000db800000,0x00000000dc780000)
 ParOldGen       total 76288K, used 26513K [0x0000000081600000, 0x0000000086080000, 0x00000000d5d00000)
  object space 76288K, 34% used [0x0000000081600000,0x0000000082fe47a8,0x0000000086080000)
 Metaspace       used 23891K, capacity 24370K, committed 24448K, reserved 1071104K
  class space    used 2765K, capacity 2930K, committed 2944K, reserved 1048576K
}
Event: 6.244 GC heap before
{Heap before GC invocations=10 (full 1):
 PSYoungGen      total 107008K, used 107004K [0x00000000d5d00000, 0x00000000ddf00000, 0x0000000100000000)
  eden space 93184K, 100% used [0x00000000d5d00000,0x00000000db800000,0x00000000db800000)
  from space 13824K, 99% used [0x00000000dc780000,0x00000000dd4ff088,0x00000000dd500000)
  to   space 15872K, 0% used [0x00000000db800000,0x00000000db800000,0x00000000dc780000)
 ParOldGen       total 76288K, used 26513K [0x0000000081600000, 0x0000000086080000, 0x00000000d5d00000)
  object space 76288K, 34% used [0x0000000081600000,0x0000000082fe47a8,0x0000000086080000)
 Metaspace       used 23894K, capacity 24370K, committed 24448K, reserved 1071104K
  class space    used 2765K, capacity 2930K, committed 2944K, reserved 1048576K
Event: 6.264 GC heap after
Heap after GC invocations=10 (full 1):
 PSYoungGen      total 109056K, used 15844K [0x00000000d5d00000, 0x00000000e0000000, 0x0000000100000000)
  eden space 93184K, 0% used [0x00000000d5d00000,0x00000000d5d00000,0x00000000db800000)
  from space 15872K, 99% used [0x00000000db800000,0x00000000dc779290,0x00000000dc780000)
  to   space 20480K, 0% used [0x00000000dec00000,0x00000000dec00000,0x00000000e0000000)
 ParOldGen       total 76288K, used 32958K [0x0000000081600000, 0x0000000086080000, 0x00000000d5d00000)
  object space 76288K, 43% used [0x0000000081600000,0x000000008362fbd0,0x0000000086080000)
 Metaspace       used 23894K, capacity 24370K, committed 24448K, reserved 1071104K
  class space    used 2765K, capacity 2930K, committed 2944K, reserved 1048576K
}
Event: 6.581 GC heap before
{Heap before GC invocations=11 (full 1):
 PSYoungGen      total 109056K, used 109028K [0x00000000d5d00000, 0x00000000e0000000, 0x0000000100000000)
  eden space 93184K, 100% used [0x00000000d5d00000,0x00000000db800000,0x00000000db800000)
  from space 15872K, 99% used [0x00000000db800000,0x00000000dc779290,0x00000000dc780000)
  to   space 20480K, 0% used [0x00000000dec00000,0x00000000dec00000,0x00000000e0000000)
 ParOldGen       total 76288K, used 32958K [0x0000000081600000, 0x0000000086080000, 0x00000000d5d00000)
  object space 76288K, 43% used [0x0000000081600000,0x000000008362fbd0,0x0000000086080000)
 Metaspace       used 23895K, capacity 24370K, committed 24448K, reserved 1071104K
  class space    used 2765K, capacity 2930K, committed 2944K, reserved 1048576K
Event: 6.600 GC heap after
Heap after GC invocations=11 (full 1):
 PSYoungGen      total 144896K, used 18532K [0x00000000d5d00000, 0x00000000e0600000, 0x0000000100000000)
  eden space 124416K, 0% used [0x00000000d5d00000,0x00000000d5d00000,0x00000000dd680000)
  from space 20480K, 90% used [0x00000000dec00000,0x00000000dfe19258,0x00000000e0000000)
  to   space 22016K, 0% used [0x00000000dd680000,0x00000000dd680000,0x00000000dec00000)
 ParOldGen       total 76288K, used 38222K [0x0000000081600000, 0x0000000086080000, 0x00000000d5d00000)
  object space 76288K, 50% used [0x0000000081600000,0x0000000083b538f8,0x0000000086080000)
 Metaspace       used 23895K, capacity 24370K, committed 24448K, reserved 1071104K
  class space    used 2765K, capacity 2930K, committed 2944K, reserved 1048576K
}
Event: 7.067 GC heap before
{Heap before GC invocations=12 (full 1):
 PSYoungGen      total 144896K, used 142948K [0x00000000d5d00000, 0x00000000e0600000, 0x0000000100000000)
  eden space 124416K, 100% used [0x00000000d5d00000,0x00000000dd680000,0x00000000dd680000)
  from space 20480K, 90% used [0x00000000dec00000,0x00000000dfe19258,0x00000000e0000000)
  to   space 22016K, 0% used [0x00000000dd680000,0x00000000dd680000,0x00000000dec00000)
 ParOldGen       total 76288K, used 38222K [0x0000000081600000, 0x0000000086080000, 0x00000000d5d00000)
  object space 76288K, 50% used [0x0000000081600000,0x0000000083b538f8,0x0000000086080000)
 Metaspace       used 23915K, capacity 24434K, committed 24704K, reserved 1071104K
  class space    used 2767K, capacity 2930K, committed 2944K, reserved 1048576K
Event: 7.094 GC heap after
Heap after GC invocations=12 (full 1):
 PSYoungGen      total 146432K, used 20626K [0x00000000d5d00000, 0x00000000e0600000, 0x0000000100000000)
  eden space 124416K, 0% used [0x00000000d5d00000,0x00000000d5d00000,0x00000000dd680000)
  from space 22016K, 93% used [0x00000000dd680000,0x00000000deaa4980,0x00000000dec00000)
  to   space 20480K, 0% used [0x00000000dec00000,0x00000000dec00000,0x00000000e0000000)
 ParOldGen       total 76288K, used 42840K [0x0000000081600000, 0x0000000086080000, 0x00000000d5d00000)
  object space 76288K, 56% used [0x0000000081600000,0x0000000083fd6288,0x0000000086080000)
 Metaspace       used 23915K, capacity 24434K, committed 24704K, reserved 1071104K
  class space    used 2767K, capacity 2930K, committed 2944K, reserved 1048576K
}

