# JRE version: Java(TM) SE Runtime Environment (8.0_152-b16) (build 1.8.0_152-b16)
# Java VM: Java HotSpot(TM) 64-Bit Server VM (25.152-b16 mixed mode windows-amd64 compressed oops)
Heap:
 PSYoungGen      total 145408K, used 106597K [0x00000000d5d00000, 0x00000000e3880000, 0x0000000100000000)
  eden space 133120K, 70% used [0x00000000d5d00000,0x00000000db91bb98,0x00000000ddf00000)
  from space 12288K, 99% used [0x00000000ddf00000,0x00000000deafdb88,0x00000000deb00000)
  to   space 18432K, 0% used [0x00000000e2680000,0x00000000e2680000,0x00000000e3880000)
 ParOldGen       total 78848K, used 27442K [0x0000000081600000, 0x0000000086300000, 0x00000000d5d00000)
  object space 78848K, 34% used [0x0000000081600000,0x00000000830cca40,0x0000000086300000)
 Metaspace       used 24818K, capacity 25248K, committed 25648K, reserved 1071104K
  class space    used 2860K, capacity 3027K, committed 3120K, reserved 1048576K
GC Heap History (10 events):
Event: 3.869 GC heap before
{Heap before GC invocations=4 (full 0):
 PSYoungGen      total 38400K, used 38376K [0x00000000d5d00000, 0x00000000da800000, 0x0000000100000000)
  eden space 33280K, 100% used [0x00000000d5d00000,0x00000000d7d80000,0x00000000d7d80000)
  from space 5120K, 99% used [0x00000000d7d80000,0x00000000d827a020,0x00000000d8280000)
  to   space 5120K, 0% used [0x00000000da300000,0x00000000da300000,0x00000000da800000)
 ParOldGen       total 87552K, used 10576K [0x0000000081600000, 0x0000000086b80000, 0x00000000d5d00000)
  object space 87552K, 12% used [0x0000000081600000,0x00000000820541e8,0x0000000086b80000)
 Metaspace       used 15683K, capacity 15878K, committed 16128K, reserved 1062912K
  class space    used 1865K, capacity 1973K, committed 2048K, reserved 1048576K
Event: 3.887 GC heap after
Heap after GC invocations=4 (full 0):
 PSYoungGen      total 71680K, used 5096K [0x00000000d5d00000, 0x00000000da800000, 0x0000000100000000)
  eden space 66560K, 0% used [0x00000000d5d00000,0x00000000d5d00000,0x00000000d9e00000)
  from space 5120K, 99% used [0x00000000da300000,0x00000000da7fa040,0x00000000da800000)
  to   space 5120K, 0% used [0x00000000d9e00000,0x00000000d9e00000,0x00000000da300000)
 ParOldGen       total 87552K, used 13982K [0x0000000081600000, 0x0000000086b80000, 0x00000000d5d00000)
  object space 87552K, 15% used [0x0000000081600000,0x00000000823a7b30,0x0000000086b80000)
 Metaspace       used 15683K, capacity 15878K, committed 16128K, reserved 1062912K
  class space    used 1865K, capacity 1973K, committed 2048K, reserved 1048576K
}
Event: 5.133 GC heap before
{Heap before GC invocations=5 (full 0):
 PSYoungGen      total 71680K, used 71656K [0x00000000d5d00000, 0x00000000da800000, 0x0000000100000000)
  eden space 66560K, 100% used [0x00000000d5d00000,0x00000000d9e00000,0x00000000d9e00000)
  from space 5120K, 99% used [0x00000000da300000,0x00000000da7fa040,0x00000000da800000)
  to   space 5120K, 0% used [0x00000000d9e00000,0x00000000d9e00000,0x00000000da300000)
 ParOldGen       total 87552K, used 13982K [0x0000000081600000, 0x0000000086b80000, 0x00000000d5d00000)
  object space 87552K, 15% used [0x0000000081600000,0x00000000823a7b30,0x0000000086b80000)
 Metaspace       used 17196K, capacity 17510K, committed 17792K, reserved 1064960K
  class space    used 1985K, capacity 2089K, committed 2176K, reserved 1048576K
Event: 5.147 GC heap after
Heap after GC invocations=5 (full 0):
 PSYoungGen      total 71680K, used 5088K [0x00000000d5d00000, 0x00000000df700000, 0x0000000100000000)
  eden space 66560K, 0% used [0x00000000d5d00000,0x00000000d5d00000,0x00000000d9e00000)
  from space 5120K, 99% used [0x00000000d9e00000,0x00000000da2f8020,0x00000000da300000)
  to   space 12288K, 0% used [0x00000000deb00000,0x00000000deb00000,0x00000000df700000)
 ParOldGen       total 87552K, used 18625K [0x0000000081600000, 0x0000000086b80000, 0x00000000d5d00000)
  object space 87552K, 21% used [0x0000000081600000,0x00000000828306b8,0x0000000086b80000)
 Metaspace       used 17196K, capacity 17510K, committed 17792K, reserved 1064960K
  class space    used 1985K, capacity 2089K, committed 2176K, reserved 1048576K
}
Event: 6.557 GC heap before
{Heap before GC invocations=6 (full 0):
 PSYoungGen      total 71680K, used 46818K [0x00000000d5d00000, 0x00000000df700000, 0x0000000100000000)
  eden space 66560K, 62% used [0x00000000d5d00000,0x00000000d85c0818,0x00000000d9e00000)
  from space 5120K, 99% used [0x00000000d9e00000,0x00000000da2f8020,0x00000000da300000)
  to   space 12288K, 0% used [0x00000000deb00000,0x00000000deb00000,0x00000000df700000)
 ParOldGen       total 87552K, used 18625K [0x0000000081600000, 0x0000000086b80000, 0x00000000d5d00000)
  object space 87552K, 21% used [0x0000000081600000,0x00000000828306b8,0x0000000086b80000)
 Metaspace       used 20751K, capacity 21174K, committed 21296K, reserved 1069056K
  class space    used 2425K, capacity 2587K, committed 2608K, reserved 1048576K
Event: 6.573 GC heap after
Heap after GC invocations=6 (full 0):
 PSYoungGen      total 145408K, used 9738K [0x00000000d5d00000, 0x00000000df700000, 0x0000000100000000)
  eden space 133120K, 0% used [0x00000000d5d00000,0x00000000d5d00000,0x00000000ddf00000)
  from space 12288K, 79% used [0x00000000deb00000,0x00000000df482ba8,0x00000000df700000)
  to   space 12288K, 0% used [0x00000000ddf00000,0x00000000ddf00000,0x00000000deb00000)
 ParOldGen       total 87552K, used 18633K [0x0000000081600000, 0x0000000086b80000, 0x00000000d5d00000)
  object space 87552K, 21% used [0x0000000081600000,0x00000000828326b8,0x0000000086b80000)
 Metaspace       used 20751K, capacity 21174K, committed 21296K, reserved 1069056K
  class space    used 2425K, capacity 2587K, committed 2608K, reserved 1048576K
}
Event: 6.574 GC heap before
{Heap before GC invocations=7 (full 1):
 PSYoungGen      total 145408K, used 9738K [0x00000000d5d00000, 0x00000000df700000, 0x0000000100000000)
  eden space 133120K, 0% used [0x00000000d5d00000,0x00000000d5d00000,0x00000000ddf00000)
  from space 12288K, 79% used [0x00000000deb00000,0x00000000df482ba8,0x00000000df700000)
  to   space 12288K, 0% used [0x00000000ddf00000,0x00000000ddf00000,0x00000000deb00000)
 ParOldGen       total 87552K, used 18633K [0x0000000081600000, 0x0000000086b80000, 0x00000000d5d00000)
  object space 87552K, 21% used [0x0000000081600000,0x00000000828326b8,0x0000000086b80000)
 Metaspace       used 20751K, capacity 21174K, committed 21296K, reserved 1069056K
  class space    used 2425K, capacity 2587K, committed 2608K, reserved 1048576K
Event: 6.688 GC heap after
Heap after GC invocations=7 (full 1):
 PSYoungGen      total 145408K, used 0K [0x00000000d5d00000, 0x00000000df700000, 0x0000000100000000)
  eden space 133120K, 0% used [0x00000000d5d00000,0x00000000d5d00000,0x00000000ddf00000)
  from space 12288K, 0% used [0x00000000deb00000,0x00000000deb00000,0x00000000df700000)
  to   space 12288K, 0% used [0x00000000ddf00000,0x00000000ddf00000,0x00000000deb00000)
 ParOldGen       total 78848K, used 18101K [0x0000000081600000, 0x0000000086300000, 0x00000000d5d00000)
  object space 78848K, 22% used [0x0000000081600000,0x00000000827ad468,0x0000000086300000)
 Metaspace       used 20751K, capacity 21174K, committed 21296K, reserved 1069056K
  class space    used 2425K, capacity 2587K, committed 2608K, reserved 1048576K
}
Event: 8.547 GC heap before
{Heap before GC invocations=8 (full 1):
 PSYoungGen      total 145408K, used 133120K [0x00000000d5d00000, 0x00000000df700000, 0x0000000100000000)
  eden space 133120K, 100% used [0x00000000d5d00000,0x00000000ddf00000,0x00000000ddf00000)
  from space 12288K, 0% used [0x00000000deb00000,0x00000000deb00000,0x00000000df700000)
  to   space 12288K, 0% used [0x00000000ddf00000,0x00000000ddf00000,0x00000000deb00000)
 ParOldGen       total 78848K, used 18101K [0x0000000081600000, 0x0000000086300000, 0x00000000d5d00000)
  object space 78848K, 22% used [0x0000000081600000,0x00000000827ad468,0x0000000086300000)
 Metaspace       used 24814K, capacity 25248K, committed 25648K, reserved 1071104K
  class space    used 2860K, capacity 3027K, committed 3120K, reserved 1048576K
Event: 8.575 GC heap after
Heap after GC invocations=8 (full 1):
 PSYoungGen      total 145408K, used 12278K [0x00000000d5d00000, 0x00000000e3880000, 0x0000000100000000)
  eden space 133120K, 0% used [0x00000000d5d00000,0x00000000d5d00000,0x00000000ddf00000)
  from space 12288K, 99% used [0x00000000ddf00000,0x00000000deafdb88,0x00000000deb00000)
  to   space 18432K, 0% used [0x00000000e2680000,0x00000000e2680000,0x00000000e3880000)
 ParOldGen       total 78848K, used 27442K [0x0000000081600000, 0x0000000086300000, 0x00000000d5d00000)
  object space 78848K, 34% used [0x0000000081600000,0x00000000830cca40,0x0000000086300000)
 Metaspace       used 24814K, capacity 25248K, committed 25648K, reserved 1071104K
  class space    used 2860K, capacity 3027K, committed 3120K, reserved 1048576K
}

