# JRE version: Java(TM) SE Runtime Environment (8.0_152-b16) (build 1.8.0_152-b16)
# Java VM: Java HotSpot(TM) 64-Bit Server VM (25.152-b16 mixed mode windows-amd64 compressed oops)
Heap:
 PSYoungGen      total 64512K, used 16643K [0x00000000d5d00000, 0x00000000df700000, 0x0000000100000000)
  eden space 59392K, 28% used [0x00000000d5d00000,0x00000000d6d40d20,0x00000000d9700000)
  from space 5120K, 0% used [0x00000000da300000,0x00000000da300000,0x00000000da800000)
  to   space 12288K, 0% used [0x00000000d9700000,0x00000000d9700000,0x00000000da300000)
 ParOldGen       total 72704K, used 16954K [0x0000000081600000, 0x0000000085d00000, 0x00000000d5d00000)
  object space 72704K, 23% used [0x0000000081600000,0x000000008268eb60,0x0000000085d00000)
 Metaspace       used 23369K, capacity 23878K, committed 24240K, reserved 1071104K
  class space    used 2700K, capacity 2895K, committed 2992K, reserved 1048576K
GC Heap History (10 events):
Event: 1.882 GC heap before
{Heap before GC invocations=3 (full 0):
 PSYoungGen      total 38400K, used 38389K [0x00000000d5d00000, 0x00000000da800000, 0x0000000100000000)
  eden space 33280K, 100% used [0x00000000d5d00000,0x00000000d7d80000,0x00000000d7d80000)
  from space 5120K, 99% used [0x00000000d8280000,0x00000000d877d440,0x00000000d8780000)
  to   space 5120K, 0% used [0x00000000d7d80000,0x00000000d7d80000,0x00000000d8280000)
 ParOldGen       total 87552K, used 3101K [0x0000000081600000, 0x0000000086b80000, 0x00000000d5d00000)
  object space 87552K, 3% used [0x0000000081600000,0x00000000819077c8,0x0000000086b80000)
 Metaspace       used 15044K, capacity 15244K, committed 15616K, reserved 1062912K
  class space    used 1830K, capacity 1938K, committed 2048K, reserved 1048576K
Event: 1.895 GC heap after
Heap after GC invocations=3 (full 0):
 PSYoungGen      total 38400K, used 5096K [0x00000000d5d00000, 0x00000000da800000, 0x0000000100000000)
  eden space 33280K, 0% used [0x00000000d5d00000,0x00000000d5d00000,0x00000000d7d80000)
  from space 5120K, 99% used [0x00000000d7d80000,0x00000000d827a020,0x00000000d8280000)
  to   space 5120K, 0% used [0x00000000da300000,0x00000000da300000,0x00000000da800000)
 ParOldGen       total 87552K, used 9805K [0x0000000081600000, 0x0000000086b80000, 0x00000000d5d00000)
  object space 87552K, 11% used [0x0000000081600000,0x0000000081f93460,0x0000000086b80000)
 Metaspace       used 15044K, capacity 15244K, committed 15616K, reserved 1062912K
  class space    used 1830K, capacity 1938K, committed 2048K, reserved 1048576K
}
Event: 3.140 GC heap before
{Heap before GC invocations=4 (full 0):
 PSYoungGen      total 38400K, used 38376K [0x00000000d5d00000, 0x00000000da800000, 0x0000000100000000)
  eden space 33280K, 100% used [0x00000000d5d00000,0x00000000d7d80000,0x00000000d7d80000)
  from space 5120K, 99% used [0x00000000d7d80000,0x00000000d827a020,0x00000000d8280000)
  to   space 5120K, 0% used [0x00000000da300000,0x00000000da300000,0x00000000da800000)
 ParOldGen       total 87552K, used 9805K [0x0000000081600000, 0x0000000086b80000, 0x00000000d5d00000)
  object space 87552K, 11% used [0x0000000081600000,0x0000000081f93460,0x0000000086b80000)
 Metaspace       used 15665K, capacity 15870K, committed 16128K, reserved 1062912K
  class space    used 1865K, capacity 1973K, committed 2048K, reserved 1048576K
Event: 3.160 GC heap after
Heap after GC invocations=4 (full 0):
 PSYoungGen      total 71680K, used 5112K [0x00000000d5d00000, 0x00000000da800000, 0x0000000100000000)
  eden space 66560K, 0% used [0x00000000d5d00000,0x00000000d5d00000,0x00000000d9e00000)
  from space 5120K, 99% used [0x00000000da300000,0x00000000da7fe010,0x00000000da800000)
  to   space 5120K, 0% used [0x00000000d9e00000,0x00000000d9e00000,0x00000000da300000)
 ParOldGen       total 87552K, used 13998K [0x0000000081600000, 0x0000000086b80000, 0x00000000d5d00000)
  object space 87552K, 15% used [0x0000000081600000,0x00000000823abb58,0x0000000086b80000)
 Metaspace       used 15665K, capacity 15870K, committed 16128K, reserved 1062912K
  class space    used 1865K, capacity 1973K, committed 2048K, reserved 1048576K
}
Event: 4.102 GC heap before
{Heap before GC invocations=5 (full 0):
 PSYoungGen      total 71680K, used 71672K [0x00000000d5d00000, 0x00000000da800000, 0x0000000100000000)
  eden space 66560K, 100% used [0x00000000d5d00000,0x00000000d9e00000,0x00000000d9e00000)
  from space 5120K, 99% used [0x00000000da300000,0x00000000da7fe010,0x00000000da800000)
  to   space 5120K, 0% used [0x00000000d9e00000,0x00000000d9e00000,0x00000000da300000)
 ParOldGen       total 87552K, used 13998K [0x0000000081600000, 0x0000000086b80000, 0x00000000d5d00000)
  object space 87552K, 15% used [0x0000000081600000,0x00000000823abb58,0x0000000086b80000)
 Metaspace       used 17209K, capacity 17630K, committed 18048K, reserved 1064960K
  class space    used 1986K, capacity 2089K, committed 2176K, reserved 1048576K
Event: 4.161 GC heap after
Heap after GC invocations=5 (full 0):
 PSYoungGen      total 71680K, used 5096K [0x00000000d5d00000, 0x00000000da800000, 0x0000000100000000)
  eden space 66560K, 0% used [0x00000000d5d00000,0x00000000d5d00000,0x00000000d9e00000)
  from space 5120K, 99% used [0x00000000d9e00000,0x00000000da2fa020,0x00000000da300000)
  to   space 5120K, 0% used [0x00000000da300000,0x00000000da300000,0x00000000da800000)
 ParOldGen       total 87552K, used 18710K [0x0000000081600000, 0x0000000086b80000, 0x00000000d5d00000)
  object space 87552K, 21% used [0x0000000081600000,0x0000000082845828,0x0000000086b80000)
 Metaspace       used 17209K, capacity 17630K, committed 18048K, reserved 1064960K
  class space    used 1986K, capacity 2089K, committed 2176K, reserved 1048576K
}
Event: 5.189 GC heap before
{Heap before GC invocations=6 (full 0):
 PSYoungGen      total 71680K, used 48896K [0x00000000d5d00000, 0x00000000da800000, 0x0000000100000000)
  eden space 66560K, 65% used [0x00000000d5d00000,0x00000000d87c6100,0x00000000d9e00000)
  from space 5120K, 99% used [0x00000000d9e00000,0x00000000da2fa020,0x00000000da300000)
  to   space 5120K, 0% used [0x00000000da300000,0x00000000da300000,0x00000000da800000)
 ParOldGen       total 87552K, used 18710K [0x0000000081600000, 0x0000000086b80000, 0x00000000d5d00000)
  object space 87552K, 21% used [0x0000000081600000,0x0000000082845828,0x0000000086b80000)
 Metaspace       used 20707K, capacity 21166K, committed 21296K, reserved 1069056K
  class space    used 2408K, capacity 2587K, committed 2608K, reserved 1048576K
Event: 5.205 GC heap after
Heap after GC invocations=6 (full 0):
 PSYoungGen      total 64512K, used 5096K [0x00000000d5d00000, 0x00000000df700000, 0x0000000100000000)
  eden space 59392K, 0% used [0x00000000d5d00000,0x00000000d5d00000,0x00000000d9700000)
  from space 5120K, 99% used [0x00000000da300000,0x00000000da7fa020,0x00000000da800000)
  to   space 12288K, 0% used [0x00000000d9700000,0x00000000d9700000,0x00000000da300000)
 ParOldGen       total 87552K, used 23126K [0x0000000081600000, 0x0000000086b80000, 0x00000000d5d00000)
  object space 87552K, 26% used [0x0000000081600000,0x0000000082c95888,0x0000000086b80000)
 Metaspace       used 20707K, capacity 21166K, committed 21296K, reserved 1069056K
  class space    used 2408K, capacity 2587K, committed 2608K, reserved 1048576K
}
Event: 5.205 GC heap before
{Heap before GC invocations=7 (full 1):
 PSYoungGen      total 64512K, used 5096K [0x00000000d5d00000, 0x00000000df700000, 0x0000000100000000)
  eden space 59392K, 0% used [0x00000000d5d00000,0x00000000d5d00000,0x00000000d9700000)
  from space 5120K, 99% used [0x00000000da300000,0x00000000da7fa020,0x00000000da800000)
  to   space 12288K, 0% used [0x00000000d9700000,0x00000000d9700000,0x00000000da300000)
 ParOldGen       total 87552K, used 23126K [0x0000000081600000, 0x0000000086b80000, 0x00000000d5d00000)
  object space 87552K, 26% used [0x0000000081600000,0x0000000082c95888,0x0000000086b80000)
 Metaspace       used 20707K, capacity 21166K, committed 21296K, reserved 1069056K
  class space    used 2408K, capacity 2587K, committed 2608K, reserved 1048576K
Event: 5.305 GC heap after
Heap after GC invocations=7 (full 1):
 PSYoungGen      total 64512K, used 0K [0x00000000d5d00000, 0x00000000df700000, 0x0000000100000000)
  eden space 59392K, 0% used [0x00000000d5d00000,0x00000000d5d00000,0x00000000d9700000)
  from space 5120K, 0% used [0x00000000da300000,0x00000000da300000,0x00000000da800000)
  to   space 12288K, 0% used [0x00000000d9700000,0x00000000d9700000,0x00000000da300000)
 ParOldGen       total 72704K, used 16954K [0x0000000081600000, 0x0000000085d00000, 0x00000000d5d00000)
  object space 72704K, 23% used [0x0000000081600000,0x000000008268eb60,0x0000000085d00000)
 Metaspace       used 20707K, capacity 21166K, committed 21296K, reserved 1069056K
  class space    used 2408K, capacity 2587K, committed 2608K, reserved 1048576K
}

